<?xml version="1.0" encoding="UTF-8"?>
<!-- Generated by org.testng.reporters.JUnitReportReporter -->
<testsuite hostname="DESKTOP-QQROTGG" failures="0" tests="1" name="testPackage.TestActiTimeValidLogin" time="9.109" errors="0" timestamp="2023-02-06T23:52:40 IST" skipped="0">
  <testcase classname="testPackage.TestActiTimeValidLogin" name="testValidLogin" time="9.109"/>
  <system-out/>
</testsuite> <!-- testPackage.TestActiTimeValidLogin -->
