<?xml version="1.0" encoding="UTF-8"?>
<!-- Generated by org.testng.reporters.JUnitReportReporter -->
<testsuite hostname="DESKTOP-QQROTGG" failures="0" tests="1" name="testPackage.TestdeleteUser" time="30.565" errors="0" timestamp="2023-02-08T12:19:17 IST" skipped="0">
  <testcase classname="testPackage.TestdeleteUser" name="testUserCreate" time="30.565"/>
  <system-out/>
</testsuite> <!-- testPackage.TestdeleteUser -->
