<?xml version="1.0" encoding="UTF-8"?>
<!-- Generated by org.testng.reporters.JUnitReportReporter -->
<testsuite hostname="DESKTOP-QQROTGG" failures="0" tests="1" name="testPackage.TestActiTimeInvalidLogin" time="46.566" errors="0" timestamp="2023-02-07T16:52:31 IST" skipped="0">
  <testcase classname="testPackage.TestActiTimeInvalidLogin" name="invalidLogin" time="46.566"/>
  <system-out/>
</testsuite> <!-- testPackage.TestActiTimeInvalidLogin -->
