<?xml version="1.0" encoding="UTF-8"?>
<!-- Generated by org.testng.reporters.JUnitReportReporter -->
<testsuite hostname="DESKTOP-QQROTGG" failures="0" tests="1" name="testPackage.TestLogout" time="14.873" errors="0" timestamp="2023-02-08T12:29:04 IST" skipped="0">
  <testcase classname="testPackage.TestLogout" name="testLogoutTab" time="14.873"/>
  <system-out/>
</testsuite> <!-- testPackage.TestLogout -->
