<?xml version="1.0" encoding="UTF-8"?>
<!-- Generated by org.testng.reporters.JUnitReportReporter -->
<testsuite hostname="DESKTOP-QQROTGG" failures="0" tests="1" name="testPackage.TestCreateUser" time="15.909" errors="0" timestamp="2023-02-08T11:51:07 IST" skipped="0">
  <testcase classname="testPackage.TestCreateUser" name="testUserCreate" time="15.909"/>
  <system-out/>
</testsuite> <!-- testPackage.TestCreateUser -->
